<?xml version="1.0" encoding="UTF-8"?>
<coverage generated="1698992120864" clover="3.2.0">
  <project timestamp="1698992120864" name="All files">
    <metrics statements="32" coveredstatements="27" conditionals="11" coveredconditionals="8" methods="7" coveredmethods="5" elements="50" coveredelements="40" complexity="0" loc="32" ncloc="32" packages="1" files="2" classes="2"/>
    <file name="jsonSchemaValidation.js" path="/home/user/Documents/nodepoc/joiValidation/validation/jsonSchemaValidation.js">
      <metrics statements="19" coveredstatements="19" conditionals="9" coveredconditionals="7" methods="4" coveredmethods="4"/>
      <line num="3" count="1" type="cond" truecount="2" falsecount="1"/>
      <line num="4" count="1" type="cond" truecount="3" falsecount="1"/>
      <line num="6" count="1" type="stmt"/>
      <line num="7" count="1" type="stmt"/>
      <line num="13" count="1" type="stmt"/>
      <line num="14" count="1" type="stmt"/>
      <line num="15" count="1" type="stmt"/>
      <line num="16" count="1" type="stmt"/>
      <line num="17" count="1" type="stmt"/>
      <line num="22" count="1" type="stmt"/>
      <line num="23" count="1" type="stmt"/>
      <line num="25" count="1" type="stmt"/>
      <line num="26" count="1" type="stmt"/>
      <line num="27" count="2" type="stmt"/>
      <line num="29" count="2" type="stmt"/>
      <line num="30" count="2" type="cond" truecount="2" falsecount="0"/>
      <line num="31" count="1" type="stmt"/>
      <line num="45" count="1" type="stmt"/>
      <line num="48" count="1" type="stmt"/>
    </file>
    <file name="xsdSchemaValidation.ts" path="/home/user/Documents/nodepoc/joiValidation/validation/xsdSchemaValidation.ts">
      <metrics statements="13" coveredstatements="8" conditionals="2" coveredconditionals="1" methods="3" coveredmethods="1"/>
      <line num="17" count="1" type="stmt"/>
      <line num="18" count="0" type="stmt"/>
      <line num="19" count="0" type="stmt"/>
      <line num="23" count="0" type="stmt"/>
      <line num="24" count="0" type="stmt"/>
      <line num="27" count="1" type="stmt"/>
      <line num="28" count="4" type="stmt"/>
      <line num="29" count="4" type="stmt"/>
      <line num="30" count="3" type="stmt"/>
      <line num="32" count="1" type="cond" truecount="1" falsecount="1"/>
      <line num="33" count="0" type="stmt"/>
      <line num="35" count="1" type="stmt"/>
      <line num="37" count="3" type="stmt"/>
    </file>
  </project>
</coverage>
