TN:
SF:validation/jsonSchemaValidation.js
FN:3,(anonymous_0)
FN:15,(anonymous_1)
FN:16,(anonymous_2)
FN:26,(anonymous_3)
FNF:4
FNH:4
FNDA:1,(anonymous_0)
FNDA:1,(anonymous_1)
FNDA:1,(anonymous_2)
FNDA:2,(anonymous_3)
DA:3,1
DA:4,1
DA:6,1
DA:7,1
DA:13,1
DA:14,1
DA:15,1
DA:16,1
DA:17,1
DA:22,1
DA:23,1
DA:25,1
DA:26,1
DA:27,2
DA:29,2
DA:30,2
DA:31,1
DA:45,1
DA:48,1
LF:19
LH:19
BRDA:3,0,0,1
BRDA:3,0,1,0
BRDA:3,0,2,1
BRDA:4,1,0,1
BRDA:4,1,1,0
BRDA:4,2,0,1
BRDA:4,2,1,1
BRDA:30,3,0,1
BRDA:30,3,1,1
BRF:9
BRH:7
end_of_record
TN:
SF:validation/xsdSchemaValidation.ts
FN:17,(anonymous_0)
FN:18,(anonymous_1)
FN:27,(anonymous_2)
FNF:3
FNH:1
FNDA:0,(anonymous_0)
FNDA:0,(anonymous_1)
FNDA:4,(anonymous_2)
DA:17,1
DA:18,0
DA:19,0
DA:23,0
DA:24,0
DA:27,1
DA:28,4
DA:29,4
DA:30,3
DA:32,1
DA:33,0
DA:35,1
DA:37,3
LF:13
LH:8
BRDA:32,0,0,0
BRDA:32,0,1,1
BRF:2
BRH:1
end_of_record
